 
\Users\tejas\blog\example\abs.blog 
 
 
\Users\tejas\blog\example\aircraft-position.blog 
(no location): Symbol "B1" is neither a variable in the current scope nor a zero-ary function.
(no location): Symbol "B2" is neither a variable in the current scope nor a zero-ary function.
(no location): Symbol "B3" is neither a variable in the current scope nor a zero-ary function.
(no location): Symbol "B1" is neither a variable in the current scope nor a zero-ary function.
..\..\..\Users\tejas\blog\example\aircraft-position.blog::0.0: type checking failed for evidence
 
 
\Users\tejas\blog\example\aircraft-static.blog 
(no location): Symbol "b1" is neither a variable in the current scope nor a zero-ary function.
(no location): Symbol "b2" is neither a variable in the current scope nor a zero-ary function.
(no location): Symbol "b3" is neither a variable in the current scope nor a zero-ary function.
(no location): Symbol "b4" is neither a variable in the current scope nor a zero-ary function.
..\..\..\Users\tejas\blog\example\aircraft-static.blog::0.0: type checking failed for evidence
(no location): Symbol "b1" is neither a variable in the current scope nor a zero-ary function.
..\..\..\Users\tejas\blog\example\aircraft-static.blog::0.0: type checking failed for query
 
 
\Users\tejas\blog\example\array-test.blog 
 
 
\Users\tejas\blog\example\birthday.blog 
..\..\..\Users\tejas\blog\example\birthday.blog::11.5: Number expression expecting implicit set
..\..\..\Users\tejas\blog\example\birthday.blog::11.5: Invalid expression on the left side of evidence.
 
 
\Users\tejas\blog\example\birthday0.blog 
 
 
\Users\tejas\blog\example\burglary.blog 
 
 
\Users\tejas\blog\example\csi.blog 
 
 
\Users\tejas\blog\example\exp.blog 
 
 
\Users\tejas\blog\example\file-io.blog 
 
 
\Users\tejas\blog\example\galaxy.blog 
 
 
\Users\tejas\blog\example\general-fixed-fun.blog 
 
 
\Users\tejas\blog\example\grades.blog 
 
 
\Users\tejas\blog\example\healthiness.blog 
 
 
\Users\tejas\blog\example\helicopter-static.blog 
(no location): Symbol "b1" is neither a variable in the current scope nor a zero-ary function.
(no location): Symbol "b2" is neither a variable in the current scope nor a zero-ary function.
(no location): Symbol "b3" is neither a variable in the current scope nor a zero-ary function.
(no location): Symbol "b4" is neither a variable in the current scope nor a zero-ary function.
(no location): Symbol "b5" is neither a variable in the current scope nor a zero-ary function.
(no location): Symbol "b6" is neither a variable in the current scope nor a zero-ary function.
(no location): Symbol "b1" is neither a variable in the current scope nor a zero-ary function.
(no location): Symbol "b2" is neither a variable in the current scope nor a zero-ary function.
(no location): Symbol "b3" is neither a variable in the current scope nor a zero-ary function.
(no location): Symbol "b4" is neither a variable in the current scope nor a zero-ary function.
(no location): Symbol "b5" is neither a variable in the current scope nor a zero-ary function.
(no location): Symbol "b6" is neither a variable in the current scope nor a zero-ary function.
..\..\..\Users\tejas\blog\example\helicopter-static.blog::0.0: type checking failed for evidence
(no location): Symbol "b1" is neither a variable in the current scope nor a zero-ary function.
..\..\..\Users\tejas\blog\example\helicopter-static.blog::0.0: type checking failed for query
 
 
\Users\tejas\blog\example\hurricane-new.blog 
 
 
\Users\tejas\blog\example\hurricane.blog 
 
 
\Users\tejas\blog\example\infinite-GMM.blog 
Exception in getProb for variable X(0)
Fatal error: 
null
java.lang.NullPointerException
	at blog.world.AbstractPartialWorld$DefaultInfoUpdater.updateVarInfo(AbstractPartialWorld.java:797)
	at blog.world.AbstractPartialWorld.updateParentsAndProbs(AbstractPartialWorld.java:905)
	at blog.world.AbstractPartialWorld.updateParentsAndProbs(AbstractPartialWorld.java:492)
	at blog.world.AbstractPartialWorld.getLogProbOfValue(AbstractPartialWorld.java:220)
	at blog.model.Evidence.getEvidenceLogProb(Evidence.java:324)
	at blog.model.Evidence.getEvidenceLogProb(Evidence.java:308)
	at blog.sample.LWSampler.supportEvidenceAndCalculateLogWeight(LWSampler.java:141)
	at blog.sample.LWSampler.nextSample(LWSampler.java:120)
	at blog.engine.SamplingEngine.answerQueries(SamplingEngine.java:168)
	at blog.Main.run(Main.java:190)
	at blog.Main.main(Main.java:153)
Exception in thread "main" java.lang.Error: Fatal error: 
	at blog.common.Util.fatalError(Util.java:524)
	at blog.common.Util.fatalError(Util.java:497)
	at blog.common.Util.fatalError(Util.java:481)
	at blog.world.AbstractPartialWorld$DefaultInfoUpdater.updateVarInfo(AbstractPartialWorld.java:807)
	at blog.world.AbstractPartialWorld.updateParentsAndProbs(AbstractPartialWorld.java:905)
	at blog.world.AbstractPartialWorld.updateParentsAndProbs(AbstractPartialWorld.java:492)
	at blog.world.AbstractPartialWorld.getLogProbOfValue(AbstractPartialWorld.java:220)
	at blog.model.Evidence.getEvidenceLogProb(Evidence.java:324)
	at blog.model.Evidence.getEvidenceLogProb(Evidence.java:308)
	at blog.sample.LWSampler.supportEvidenceAndCalculateLogWeight(LWSampler.java:141)
	at blog.sample.LWSampler.nextSample(LWSampler.java:120)
	at blog.engine.SamplingEngine.answerQueries(SamplingEngine.java:168)
	at blog.Main.run(Main.java:190)
	at blog.Main.main(Main.java:153)
 
 
\Users\tejas\blog\example\lda.blog 
Exception in thread "main" java.lang.NoClassDefFoundError: blog/distrib/beta (wrong name: blog/distrib/Beta)
	at java.lang.ClassLoader.defineClass1(Native Method)
	at java.lang.ClassLoader.defineClass(Unknown Source)
	at java.security.SecureClassLoader.defineClass(Unknown Source)
	at java.net.URLClassLoader.defineClass(Unknown Source)
	at java.net.URLClassLoader.access$100(Unknown Source)
	at java.net.URLClassLoader$1.run(Unknown Source)
	at java.net.URLClassLoader$1.run(Unknown Source)
	at java.security.AccessController.doPrivileged(Native Method)
	at java.net.URLClassLoader.findClass(Unknown Source)
	at java.lang.ClassLoader.loadClass(Unknown Source)
	at sun.misc.Launcher$AppClassLoader.loadClass(Unknown Source)
	at java.lang.ClassLoader.loadClass(Unknown Source)
	at java.lang.Class.forName0(Native Method)
	at java.lang.Class.forName(Unknown Source)
	at blog.semant.Semant.getClassWithName(Semant.java:161)
	at blog.semant.Semant.getDistributionClass(Semant.java:170)
	at blog.semant.Semant.transToDistribution(Semant.java:719)
	at blog.semant.Semant.transExpr(Semant.java:811)
	at blog.semant.Semant.transExpr(Semant.java:790)
	at blog.semant.Semant.transExpr(Semant.java:1081)
	at blog.semant.Semant.transExpr(Semant.java:788)
	at blog.semant.Semant.transExprList(Semant.java:1239)
	at blog.semant.Semant.transToDistribution(Semant.java:727)
	at blog.semant.Semant.transExpr(Semant.java:811)
	at blog.semant.Semant.transExpr(Semant.java:790)
	at blog.semant.Semant.transDependency(Semant.java:545)
	at blog.semant.Semant.transFuncBody(Semant.java:500)
	at blog.semant.Semant.transProg(Semant.java:1311)
	at blog.Main.parseAndTranslate(Main.java:490)
	at blog.Main.setup(Main.java:436)
	at blog.Main.main(Main.java:152)
 
 
\Users\tejas\blog\example\linear-algebra-2.blog 
 
 
\Users\tejas\blog\example\linear-algebra.blog 
 
 
\Users\tejas\blog\example\mixture-of-gaussian.blog 
 
 
\Users\tejas\blog\example\multinomial.blog 
 
 
\Users\tejas\blog\example\pf-test.blog 
 
 
\Users\tejas\blog\example\poisson-ball.blog 
Exception in getProb for variable ObsColor(Draw[0])
Fatal error: 
null
java.lang.NullPointerException
	at blog.world.AbstractPartialWorld$DefaultInfoUpdater.updateVarInfo(AbstractPartialWorld.java:797)
	at blog.world.AbstractPartialWorld.updateParentsAndProbs(AbstractPartialWorld.java:905)
	at blog.world.AbstractPartialWorld.updateParentsAndProbs(AbstractPartialWorld.java:492)
	at blog.world.AbstractPartialWorld.getLogProbOfValue(AbstractPartialWorld.java:220)
	at blog.model.Evidence.getEvidenceLogProb(Evidence.java:324)
	at blog.model.Evidence.getEvidenceLogProb(Evidence.java:308)
	at blog.sample.LWSampler.supportEvidenceAndCalculateLogWeight(LWSampler.java:141)
	at blog.sample.LWSampler.nextSample(LWSampler.java:120)
	at blog.engine.SamplingEngine.answerQueries(SamplingEngine.java:168)
	at blog.Main.run(Main.java:190)
	at blog.Main.main(Main.java:153)
Exception in thread "main" java.lang.Error: Fatal error: 
	at blog.common.Util.fatalError(Util.java:524)
	at blog.common.Util.fatalError(Util.java:497)
	at blog.common.Util.fatalError(Util.java:481)
	at blog.world.AbstractPartialWorld$DefaultInfoUpdater.updateVarInfo(AbstractPartialWorld.java:807)
	at blog.world.AbstractPartialWorld.updateParentsAndProbs(AbstractPartialWorld.java:905)
	at blog.world.AbstractPartialWorld.updateParentsAndProbs(AbstractPartialWorld.java:492)
	at blog.world.AbstractPartialWorld.getLogProbOfValue(AbstractPartialWorld.java:220)
	at blog.model.Evidence.getEvidenceLogProb(Evidence.java:324)
	at blog.model.Evidence.getEvidenceLogProb(Evidence.java:308)
	at blog.sample.LWSampler.supportEvidenceAndCalculateLogWeight(LWSampler.java:141)
	at blog.sample.LWSampler.nextSample(LWSampler.java:120)
	at blog.engine.SamplingEngine.answerQueries(SamplingEngine.java:168)
	at blog.Main.run(Main.java:190)
	at blog.Main.main(Main.java:153)
 
 
\Users\tejas\blog\example\simple-aircraft.blog 
..\..\..\Users\tejas\blog\example\simple-aircraft.blog::13.5: Number expression expecting implicit set
..\..\..\Users\tejas\blog\example\simple-aircraft.blog::13.5: Invalid expression on the left side of evidence.
 
 
\Users\tejas\blog\example\sybil-attack-exp1.blog 
(no location): Symbol "Person1" is neither a variable in the current scope nor a zero-ary function.
(no location): Symbol "Person2" is neither a variable in the current scope nor a zero-ary function.
(no location): Symbol "Login1" is neither a variable in the current scope nor a zero-ary function.
(no location): Symbol "Login2" is neither a variable in the current scope nor a zero-ary function.
(no location): Symbol "Login3" is neither a variable in the current scope nor a zero-ary function.
..\..\..\Users\tejas\blog\example\sybil-attack-exp1.blog::0.0: type checking failed for evidence
(no location): Symbol "Person1" is neither a variable in the current scope nor a zero-ary function.
..\..\..\Users\tejas\blog\example\sybil-attack-exp1.blog::0.0: type checking failed for query
 
 
\Users\tejas\blog\example\sybil-attack-exp2.blog 
(no location): Symbol "Login1" is neither a variable in the current scope nor a zero-ary function.
(no location): Symbol "Login2" is neither a variable in the current scope nor a zero-ary function.
(no location): Symbol "Login3" is neither a variable in the current scope nor a zero-ary function.
(no location): Symbol "Login4" is neither a variable in the current scope nor a zero-ary function.
(no location): Symbol "Login5" is neither a variable in the current scope nor a zero-ary function.
(no location): Symbol "Login1" is neither a variable in the current scope nor a zero-ary function.
(no location): Symbol "Login2" is neither a variable in the current scope nor a zero-ary function.
(no location): Symbol "Login1" is neither a variable in the current scope nor a zero-ary function.
(no location): Symbol "Login3" is neither a variable in the current scope nor a zero-ary function.
(no location): Symbol "Login2" is neither a variable in the current scope nor a zero-ary function.
(no location): Symbol "Login3" is neither a variable in the current scope nor a zero-ary function.
(no location): Symbol "Login1" is neither a variable in the current scope nor a zero-ary function.
(no location): Symbol "Login4" is neither a variable in the current scope nor a zero-ary function.
(no location): Symbol "Login4" is neither a variable in the current scope nor a zero-ary function.
(no location): Symbol "Login5" is neither a variable in the current scope nor a zero-ary function.
(no location): Symbol "Login1" is neither a variable in the current scope nor a zero-ary function.
(no location): Symbol "Login2" is neither a variable in the current scope nor a zero-ary function.
(no location): Symbol "Login1" is neither a variable in the current scope nor a zero-ary function.
(no location): Symbol "Login3" is neither a variable in the current scope nor a zero-ary function.
(no location): Symbol "Login2" is neither a variable in the current scope nor a zero-ary function.
(no location): Symbol "Login3" is neither a variable in the current scope nor a zero-ary function.
(no location): Symbol "Login4" is neither a variable in the current scope nor a zero-ary function.
(no location): Symbol "Login5" is neither a variable in the current scope nor a zero-ary function.
(no location): Symbol "Login1" is neither a variable in the current scope nor a zero-ary function.
(no location): Symbol "Login4" is neither a variable in the current scope nor a zero-ary function.
..\..\..\Users\tejas\blog\example\sybil-attack-exp2.blog::0.0: type checking failed for evidence
(no location): Symbol "Login1" is neither a variable in the current scope nor a zero-ary function.
..\..\..\Users\tejas\blog\example\sybil-attack-exp2.blog::0.0: type checking failed for query
 
 
\Users\tejas\blog\example\sybil-attack-exp3.blog 
(no location): Symbol "Login1" is neither a variable in the current scope nor a zero-ary function.
(no location): Symbol "Login2" is neither a variable in the current scope nor a zero-ary function.
(no location): Symbol "Login3" is neither a variable in the current scope nor a zero-ary function.
(no location): Symbol "Login4" is neither a variable in the current scope nor a zero-ary function.
(no location): Symbol "Login5" is neither a variable in the current scope nor a zero-ary function.
(no location): Symbol "Login1" is neither a variable in the current scope nor a zero-ary function.
(no location): Symbol "Login2" is neither a variable in the current scope nor a zero-ary function.
(no location): Symbol "Login3" is neither a variable in the current scope nor a zero-ary function.
(no location): Symbol "Login4" is neither a variable in the current scope nor a zero-ary function.
..\..\..\Users\tejas\blog\example\sybil-attack-exp3.blog::0.0: type checking failed for evidence
(no location): Symbol "Login1" is neither a variable in the current scope nor a zero-ary function.
..\..\..\Users\tejas\blog\example\sybil-attack-exp3.blog::0.0: type checking failed for query
 
 
\Users\tejas\blog\example\transpose.blog 
 
 
\Users\tejas\blog\example\trig.blog 
 
 
\Users\tejas\blog\example\tugwar.blog 
 
 
\Users\tejas\blog\example\tugwar1.blog 
 
 
\Users\tejas\blog\example\tugwar2.blog 
 
 
\Users\tejas\blog\example\uniform-ball.blog 
18: No function named BallDrawn is applicable to arguments of types [Draw]
..\..\..\Users\tejas\blog\example\uniform-ball.blog::0.0: type checking failed
 
 
\Users\tejas\blog\example\and-or\and-node.blog 
 
 
\Users\tejas\blog\example\and-or\or-node.blog 
java.lang.ClassCastException: java.util.ArrayList cannot be cast to java.util.Map
	at blog.distrib.Categorical.setParams(Categorical.java:63)
	at blog.model.DistribSpec.initCPD(DistribSpec.java:260)
	at blog.model.DistribSpec.compile(DistribSpec.java:192)
	at blog.model.MapSpec.compile(MapSpec.java:77)
	at blog.model.CaseSpec.compile(CaseSpec.java:73)
	at blog.model.DependencyModel.compile(DependencyModel.java:202)
	at blog.model.RandomFunction.compile(RandomFunction.java:127)
	at blog.model.Model.compile(Model.java:535)
	at blog.Main.setup(Main.java:470)
	at blog.Main.main(Main.java:152)
Error initializing CPD at 13: class blog.distrib.Categorical does not implement the CondProbDistrib interface.
Encountered 1 errors in compilation phase.
 
 
\Users\tejas\blog\example\and-or\ordering.blog 
 
 
\Users\tejas\blog\example\and-or\projection.blog 
Exception in thread "main" java.lang.IllegalArgumentException: Map values must either be terms or clauses (if-then-else, case, distributions)!
	at blog.model.MapSpec.compile(MapSpec.java:82)
	at blog.model.CaseSpec.compile(CaseSpec.java:73)
	at blog.model.DependencyModel.compile(DependencyModel.java:202)
	at blog.model.RandomFunction.compile(RandomFunction.java:127)
	at blog.model.Model.compile(Model.java:535)
	at blog.Main.setup(Main.java:470)
	at blog.Main.main(Main.java:152)
 
 
\Users\tejas\blog\example\and-or\projection2.blog 
(no location): Symbol "o1" is neither a variable in the current scope nor a zero-ary function.
(no location): Symbol "o1" is neither a variable in the current scope nor a zero-ary function.
(no location): Symbol "o1" is neither a variable in the current scope nor a zero-ary function.
(no location): Symbol "o1" is neither a variable in the current scope nor a zero-ary function.
..\..\..\Users\tejas\blog\example\and-or\projection2.blog::0.0: type checking failed for evidence
 
 
\Users\tejas\blog\example\and-or\projection3.blog 
Exception in thread "main" java.lang.ClassCastException: blog.common.HashMultiset cannot be cast to blog.objgen.ObjectSet
	at blog.model.BuiltInFunctions$35.getValue(BuiltInFunctions.java:1089)
	at blog.model.FixedFunction.getValueInInterpretation(FixedFunction.java:193)
	at blog.model.FixedFunction.getValueInContext(FixedFunction.java:231)
	at blog.model.FuncAppTerm.evaluate(FuncAppTerm.java:185)
	at blog.model.DistribSpec.getDistrib(DistribSpec.java:84)
	at blog.model.DependencyModel.getDistrib(DependencyModel.java:156)
	at blog.model.DependencyModel.getDistribWithBinding(DependencyModel.java:139)
	at blog.bn.RandFuncAppVar.getDistrib(RandFuncAppVar.java:116)
	at blog.sample.ClassicInstantiatingEvalContext.instantiate(ClassicInstantiatingEvalContext.java:167)
	at blog.sample.ClassicInstantiatingEvalContext.getOrComputeValue(ClassicInstantiatingEvalContext.java:116)
	at blog.sample.ParentRecEvalContext.getValue(ParentRecEvalContext.java:75)
	at blog.model.RandomFunction.getValueInContext(RandomFunction.java:173)
	at blog.model.FuncAppTerm.evaluate(FuncAppTerm.java:185)
	at blog.objgen.TermNode.iterator(TermNode.java:27)
	at blog.objgen.SatisfierIterator.getNodeIterator(SatisfierIterator.java:159)
	at blog.objgen.SatisfierIterator.<init>(SatisfierIterator.java:43)
	at blog.objgen.ObjGenGraph.iterator(ObjGenGraph.java:172)
	at blog.objgen.ObjGenGraph.iterator(ObjGenGraph.java:161)
	at blog.model.TupleSetSpec$VarValuesIterator.getIterator(TupleSetSpec.java:461)
	at blog.common.AbstractTupleIterator.initialize(AbstractTupleIterator.java:102)
	at blog.common.AbstractTupleIterator.hasNext(AbstractTupleIterator.java:71)
	at blog.model.TupleSetSpec.evaluate(TupleSetSpec.java:138)
	at blog.model.TupleSetSpec.evaluate(TupleSetSpec.java:173)
	at blog.bn.DerivedVar.ensureDetAndSupported(DerivedVar.java:104)
	at blog.BLOGUtil.ensureDetAndSupported(BLOGUtil.java:35)
	at blog.BLOGUtil.ensureDetAndSupportedWithListener(BLOGUtil.java:66)
	at blog.sample.LWSampler.nextSample(LWSampler.java:121)
	at blog.engine.SamplingEngine.answerQueries(SamplingEngine.java:168)
	at blog.Main.run(Main.java:190)
	at blog.Main.main(Main.java:153)
 
 
\Users\tejas\blog\example\and-or\projection_tmp.blog 
 
 
\Users\tejas\blog\example\and-or\scene-and-or-2.blog 
(no location): Symbol "W1" is neither a variable in the current scope nor a zero-ary function.
(no location): Symbol "W2" is neither a variable in the current scope nor a zero-ary function.
(no location): Symbol "W3" is neither a variable in the current scope nor a zero-ary function.
(no location): Symbol "W4" is neither a variable in the current scope nor a zero-ary function.
(no location): Symbol "W5" is neither a variable in the current scope nor a zero-ary function.
(no location): Symbol "W6" is neither a variable in the current scope nor a zero-ary function.
..\..\..\Users\tejas\blog\example\and-or\scene-and-or-2.blog::0.0: type checking failed for evidence
 
 
\Users\tejas\blog\example\and-or\scene-and-or.blog 
 
 
\Users\tejas\blog\example\and-or\scene.blog 
Exception in thread "main" java.lang.ClassCastException: blog.common.HashMultiset cannot be cast to blog.objgen.ObjectSet
	at blog.model.BuiltInFunctions$35.getValue(BuiltInFunctions.java:1089)
	at blog.model.FixedFunction.getValueInInterpretation(FixedFunction.java:193)
	at blog.model.FixedFunction.getValueInContext(FixedFunction.java:231)
	at blog.model.FuncAppTerm.evaluate(FuncAppTerm.java:185)
	at blog.model.DistribSpec.getDistrib(DistribSpec.java:84)
	at blog.model.DependencyModel.getDistrib(DependencyModel.java:156)
	at blog.model.DependencyModel.getDistribWithBinding(DependencyModel.java:139)
	at blog.bn.RandFuncAppVar.getDistrib(RandFuncAppVar.java:116)
	at blog.sample.ClassicInstantiatingEvalContext.instantiate(ClassicInstantiatingEvalContext.java:167)
	at blog.sample.ClassicInstantiatingEvalContext.getOrComputeValue(ClassicInstantiatingEvalContext.java:116)
	at blog.sample.ParentRecEvalContext.getValue(ParentRecEvalContext.java:75)
	at blog.model.RandomFunction.getValueInContext(RandomFunction.java:173)
	at blog.model.FuncAppTerm.evaluate(FuncAppTerm.java:185)
	at blog.model.EqualityFormula.evaluate(EqualityFormula.java:75)
	at blog.model.ConjFormula.evaluate(ConjFormula.java:92)
	at blog.model.CaseSpec.evaluate(CaseSpec.java:36)
	at blog.model.DependencyModel.getDistrib(DependencyModel.java:150)
	at blog.model.DependencyModel.getDistribWithBinding(DependencyModel.java:139)
	at blog.bn.RandFuncAppVar.getDistrib(RandFuncAppVar.java:116)
	at blog.bn.VarWithDistrib.ensureDetAndSupported(VarWithDistrib.java:125)
	at blog.BLOGUtil.ensureDetAndSupported(BLOGUtil.java:35)
	at blog.BLOGUtil.ensureDetAndSupported(BLOGUtil.java:45)
	at blog.model.Evidence.setEvidenceAndEnsureSupported(Evidence.java:296)
	at blog.sample.LWSampler.supportEvidenceAndCalculateLogWeight(LWSampler.java:140)
	at blog.sample.LWSampler.nextSample(LWSampler.java:120)
	at blog.engine.SamplingEngine.answerQueries(SamplingEngine.java:168)
	at blog.Main.run(Main.java:190)
	at blog.Main.main(Main.java:153)
 
 
\Users\tejas\blog\example\and-or\scene2.blog 
Exception in thread "main" java.lang.ClassCastException: blog.common.HashMultiset cannot be cast to blog.objgen.ObjectSet
	at blog.model.BuiltInFunctions$35.getValue(BuiltInFunctions.java:1089)
	at blog.model.FixedFunction.getValueInInterpretation(FixedFunction.java:193)
	at blog.model.FixedFunction.getValueInContext(FixedFunction.java:231)
	at blog.model.FuncAppTerm.evaluate(FuncAppTerm.java:185)
	at blog.model.DistribSpec.getDistrib(DistribSpec.java:84)
	at blog.model.DependencyModel.getDistrib(DependencyModel.java:156)
	at blog.model.DependencyModel.getDistribWithBinding(DependencyModel.java:139)
	at blog.bn.RandFuncAppVar.getDistrib(RandFuncAppVar.java:116)
	at blog.sample.ClassicInstantiatingEvalContext.instantiate(ClassicInstantiatingEvalContext.java:167)
	at blog.sample.ClassicInstantiatingEvalContext.getOrComputeValue(ClassicInstantiatingEvalContext.java:116)
	at blog.sample.ParentRecEvalContext.getValue(ParentRecEvalContext.java:75)
	at blog.model.RandomFunction.getValueInContext(RandomFunction.java:173)
	at blog.model.FuncAppTerm.evaluate(FuncAppTerm.java:185)
	at blog.model.EqualityFormula.evaluate(EqualityFormula.java:75)
	at blog.model.ConjFormula.evaluate(ConjFormula.java:92)
	at blog.model.CaseSpec.evaluate(CaseSpec.java:36)
	at blog.model.DependencyModel.getDistrib(DependencyModel.java:150)
	at blog.model.DependencyModel.getDistribWithBinding(DependencyModel.java:139)
	at blog.bn.RandFuncAppVar.getDistrib(RandFuncAppVar.java:116)
	at blog.bn.VarWithDistrib.ensureDetAndSupported(VarWithDistrib.java:125)
	at blog.BLOGUtil.ensureDetAndSupported(BLOGUtil.java:35)
	at blog.BLOGUtil.ensureDetAndSupported(BLOGUtil.java:45)
	at blog.model.Evidence.setEvidenceAndEnsureSupported(Evidence.java:296)
	at blog.sample.LWSampler.supportEvidenceAndCalculateLogWeight(LWSampler.java:140)
	at blog.sample.LWSampler.nextSample(LWSampler.java:120)
	at blog.engine.SamplingEngine.answerQueries(SamplingEngine.java:168)
	at blog.Main.run(Main.java:190)
	at blog.Main.main(Main.java:153)
 
 
\Users\tejas\blog\example\and-or\scene_face.blog 
Exception in thread "main" java.lang.IllegalStateException: non-fixed arg in cpdArgsFixed
	at blog.model.DistribSpec.initCPD(DistribSpec.java:247)
	at blog.model.DistribSpec.compile(DistribSpec.java:192)
	at blog.model.DependencyModel.compile(DependencyModel.java:202)
	at blog.model.RandomFunction.compile(RandomFunction.java:127)
	at blog.model.Model.compile(Model.java:535)
	at blog.Main.setup(Main.java:470)
	at blog.Main.main(Main.java:152)
 
 
\Users\tejas\blog\example\and-or\scene_face_bkp.blog 
Exception in thread "main" java.lang.IllegalStateException: non-fixed arg in cpdArgsFixed
	at blog.model.DistribSpec.initCPD(DistribSpec.java:247)
	at blog.model.DistribSpec.compile(DistribSpec.java:192)
	at blog.model.DependencyModel.compile(DependencyModel.java:202)
	at blog.model.RandomFunction.compile(RandomFunction.java:127)
	at blog.model.Model.compile(Model.java:535)
	at blog.Main.setup(Main.java:470)
	at blog.Main.main(Main.java:152)
 
 
\Users\tejas\blog\example\and-or\scene_face_integer.blog 
Exception in thread "main" java.lang.IllegalStateException: non-fixed arg in cpdArgsFixed
	at blog.model.DistribSpec.initCPD(DistribSpec.java:247)
	at blog.model.DistribSpec.compile(DistribSpec.java:192)
	at blog.model.DependencyModel.compile(DependencyModel.java:202)
	at blog.model.RandomFunction.compile(RandomFunction.java:127)
	at blog.model.Model.compile(Model.java:535)
	at blog.Main.setup(Main.java:470)
	at blog.Main.main(Main.java:152)
 
 
\Users\tejas\blog\example\and-or\scene_face_integer_testcase.blog 
Exception in thread "main" java.lang.IllegalStateException: non-fixed arg in cpdArgsFixed
	at blog.model.DistribSpec.initCPD(DistribSpec.java:247)
	at blog.model.DistribSpec.compile(DistribSpec.java:192)
	at blog.model.DependencyModel.compile(DependencyModel.java:202)
	at blog.model.RandomFunction.compile(RandomFunction.java:127)
	at blog.model.Model.compile(Model.java:535)
	at blog.Main.setup(Main.java:470)
	at blog.Main.main(Main.java:152)
 
 
\Users\tejas\blog\example\and-or\scene_face_real.blog 
Exception in thread "main" java.lang.IllegalStateException: non-fixed arg in cpdArgsFixed
	at blog.model.DistribSpec.initCPD(DistribSpec.java:247)
	at blog.model.DistribSpec.compile(DistribSpec.java:192)
	at blog.model.DependencyModel.compile(DependencyModel.java:202)
	at blog.model.RandomFunction.compile(RandomFunction.java:127)
	at blog.model.Model.compile(Model.java:535)
	at blog.Main.setup(Main.java:470)
	at blog.Main.main(Main.java:152)
 
 
\Users\tejas\blog\example\background\background-mixture-uniform-prior-per-pixel.blog 
 
 
\Users\tejas\blog\example\background\background-mixture-uniform-prior.blog 
java.lang.ArrayStoreException
	at java.lang.System.arraycopy(Native Method)
	at blog.distrib.UniformVector.setParams(UniformVector.java:91)
	at blog.model.DistribSpec.initCPD(DistribSpec.java:260)
	at blog.model.DistribSpec.compile(DistribSpec.java:192)
	at blog.model.DependencyModel.compile(DependencyModel.java:202)
	at blog.model.RandomFunction.compile(RandomFunction.java:127)
	at blog.model.Model.compile(Model.java:535)
	at blog.Main.setup(Main.java:470)
	at blog.Main.main(Main.java:152)
Error initializing CPD at 27: couldn't instantiate class class blog.distrib.UniformVector
java.lang.IllegalArgumentException: expected one parameter
	at blog.distrib.Dirichlet.setParams(Dirichlet.java:74)
	at blog.model.DistribSpec.initCPD(DistribSpec.java:260)
	at blog.model.DistribSpec.compile(DistribSpec.java:192)
	at blog.model.DependencyModel.compile(DependencyModel.java:202)
	at blog.model.RandomFunction.compile(RandomFunction.java:127)
	at blog.model.Model.compile(Model.java:535)
	at blog.Main.setup(Main.java:470)
	at blog.Main.main(Main.java:152)
Error initializing CPD at 29: couldn't instantiate class class blog.distrib.Dirichlet
Encountered 2 errors in compilation phase.
 
 
\Users\tejas\blog\example\background\background-mixture-with-variable.blog 
Exception in getProb for variable Intensity(1, 1, @1)
Fatal error: 
The mean given is not a valid row vector. It has dimensions 3 by 1.
java.lang.IllegalArgumentException: The mean given is not a valid row vector. It has dimensions 3 by 1.
	at blog.distrib.MultivarGaussian.setParams(MultivarGaussian.java:89)
	at blog.distrib.MultivarGaussian.setParams(MultivarGaussian.java:70)
	at blog.world.AbstractPartialWorld$DefaultInfoUpdater.updateVarInfo(AbstractPartialWorld.java:797)
	at blog.world.AbstractPartialWorld.updateParentsAndProbs(AbstractPartialWorld.java:905)
	at blog.world.AbstractPartialWorld.updateParentsAndProbs(AbstractPartialWorld.java:492)
	at blog.world.AbstractPartialWorld.getLogProbOfValue(AbstractPartialWorld.java:220)
	at blog.model.Evidence.getEvidenceLogProb(Evidence.java:324)
	at blog.model.Evidence.getEvidenceLogProb(Evidence.java:308)
	at blog.sample.LWSampler.supportEvidenceAndCalculateLogWeight(LWSampler.java:141)
	at blog.sample.LWSampler.nextSample(LWSampler.java:120)
	at blog.engine.SamplingEngine.answerQueries(SamplingEngine.java:168)
	at blog.Main.run(Main.java:190)
	at blog.Main.main(Main.java:153)
Exception in thread "main" java.lang.Error: Fatal error: 
	at blog.common.Util.fatalError(Util.java:524)
	at blog.common.Util.fatalError(Util.java:497)
	at blog.common.Util.fatalError(Util.java:481)
	at blog.world.AbstractPartialWorld$DefaultInfoUpdater.updateVarInfo(AbstractPartialWorld.java:807)
	at blog.world.AbstractPartialWorld.updateParentsAndProbs(AbstractPartialWorld.java:905)
	at blog.world.AbstractPartialWorld.updateParentsAndProbs(AbstractPartialWorld.java:492)
	at blog.world.AbstractPartialWorld.getLogProbOfValue(AbstractPartialWorld.java:220)
	at blog.model.Evidence.getEvidenceLogProb(Evidence.java:324)
	at blog.model.Evidence.getEvidenceLogProb(Evidence.java:308)
	at blog.sample.LWSampler.supportEvidenceAndCalculateLogWeight(LWSampler.java:141)
	at blog.sample.LWSampler.nextSample(LWSampler.java:120)
	at blog.engine.SamplingEngine.answerQueries(SamplingEngine.java:168)
	at blog.Main.run(Main.java:190)
	at blog.Main.main(Main.java:153)
 
 
\Users\tejas\blog\example\background\background-mixture.blog 
 
 
\Users\tejas\blog\example\balls\id-uncert-det.blog 
Exception in getProb for variable ObsColor(Draw1)
Fatal error: 
null
java.lang.NullPointerException
	at blog.world.AbstractPartialWorld$DefaultInfoUpdater.updateVarInfo(AbstractPartialWorld.java:797)
	at blog.world.AbstractPartialWorld.updateParentsAndProbs(AbstractPartialWorld.java:905)
	at blog.world.AbstractPartialWorld.updateParentsAndProbs(AbstractPartialWorld.java:492)
	at blog.world.AbstractPartialWorld.getLogProbOfValue(AbstractPartialWorld.java:220)
	at blog.model.Evidence.getEvidenceLogProb(Evidence.java:324)
	at blog.model.Evidence.getEvidenceLogProb(Evidence.java:308)
	at blog.sample.LWSampler.supportEvidenceAndCalculateLogWeight(LWSampler.java:141)
	at blog.sample.LWSampler.nextSample(LWSampler.java:120)
	at blog.engine.SamplingEngine.answerQueries(SamplingEngine.java:168)
	at blog.Main.run(Main.java:190)
	at blog.Main.main(Main.java:153)
Exception in thread "main" java.lang.Error: Fatal error: 
	at blog.common.Util.fatalError(Util.java:524)
	at blog.common.Util.fatalError(Util.java:497)
	at blog.common.Util.fatalError(Util.java:481)
	at blog.world.AbstractPartialWorld$DefaultInfoUpdater.updateVarInfo(AbstractPartialWorld.java:807)
	at blog.world.AbstractPartialWorld.updateParentsAndProbs(AbstractPartialWorld.java:905)
	at blog.world.AbstractPartialWorld.updateParentsAndProbs(AbstractPartialWorld.java:492)
	at blog.world.AbstractPartialWorld.getLogProbOfValue(AbstractPartialWorld.java:220)
	at blog.model.Evidence.getEvidenceLogProb(Evidence.java:324)
	at blog.model.Evidence.getEvidenceLogProb(Evidence.java:308)
	at blog.sample.LWSampler.supportEvidenceAndCalculateLogWeight(LWSampler.java:141)
	at blog.sample.LWSampler.nextSample(LWSampler.java:120)
	at blog.engine.SamplingEngine.answerQueries(SamplingEngine.java:168)
	at blog.Main.run(Main.java:190)
	at blog.Main.main(Main.java:153)
 
 
\Users\tejas\blog\example\balls\id-uncert-noisy.blog 
Exception in getProb for variable ObsColor(Draw1)
Fatal error: 
null
java.lang.NullPointerException
	at blog.world.AbstractPartialWorld$DefaultInfoUpdater.updateVarInfo(AbstractPartialWorld.java:797)
	at blog.world.AbstractPartialWorld.updateParentsAndProbs(AbstractPartialWorld.java:905)
	at blog.world.AbstractPartialWorld.updateParentsAndProbs(AbstractPartialWorld.java:492)
	at blog.world.AbstractPartialWorld.getLogProbOfValue(AbstractPartialWorld.java:220)
	at blog.model.Evidence.getEvidenceLogProb(Evidence.java:324)
	at blog.model.Evidence.getEvidenceLogProb(Evidence.java:308)
	at blog.sample.LWSampler.supportEvidenceAndCalculateLogWeight(LWSampler.java:141)
	at blog.sample.LWSampler.nextSample(LWSampler.java:120)
	at blog.engine.SamplingEngine.answerQueries(SamplingEngine.java:168)
	at blog.Main.run(Main.java:190)
	at blog.Main.main(Main.java:153)
Exception in thread "main" java.lang.Error: Fatal error: 
	at blog.common.Util.fatalError(Util.java:524)
	at blog.common.Util.fatalError(Util.java:497)
	at blog.common.Util.fatalError(Util.java:481)
	at blog.world.AbstractPartialWorld$DefaultInfoUpdater.updateVarInfo(AbstractPartialWorld.java:807)
	at blog.world.AbstractPartialWorld.updateParentsAndProbs(AbstractPartialWorld.java:905)
	at blog.world.AbstractPartialWorld.updateParentsAndProbs(AbstractPartialWorld.java:492)
	at blog.world.AbstractPartialWorld.getLogProbOfValue(AbstractPartialWorld.java:220)
	at blog.model.Evidence.getEvidenceLogProb(Evidence.java:324)
	at blog.model.Evidence.getEvidenceLogProb(Evidence.java:308)
	at blog.sample.LWSampler.supportEvidenceAndCalculateLogWeight(LWSampler.java:141)
	at blog.sample.LWSampler.nextSample(LWSampler.java:120)
	at blog.engine.SamplingEngine.answerQueries(SamplingEngine.java:168)
	at blog.Main.run(Main.java:190)
	at blog.Main.main(Main.java:153)
 
 
\Users\tejas\blog\example\citation\publications.blog 
Exception in getProb for variable Productive(Einstein)
Fatal error: 
null
java.lang.NullPointerException
	at blog.world.AbstractPartialWorld$DefaultInfoUpdater.updateVarInfo(AbstractPartialWorld.java:797)
	at blog.world.AbstractPartialWorld.updateParentsAndProbs(AbstractPartialWorld.java:905)
	at blog.world.AbstractPartialWorld.updateParentsAndProbs(AbstractPartialWorld.java:492)
	at blog.world.AbstractPartialWorld.getLogProbOfValue(AbstractPartialWorld.java:220)
	at blog.model.Evidence.getEvidenceLogProb(Evidence.java:324)
	at blog.model.Evidence.getEvidenceLogProb(Evidence.java:308)
	at blog.sample.LWSampler.supportEvidenceAndCalculateLogWeight(LWSampler.java:141)
	at blog.sample.LWSampler.nextSample(LWSampler.java:120)
	at blog.engine.SamplingEngine.answerQueries(SamplingEngine.java:168)
	at blog.Main.run(Main.java:190)
	at blog.Main.main(Main.java:153)
Exception in thread "main" java.lang.Error: Fatal error: 
	at blog.common.Util.fatalError(Util.java:524)
	at blog.common.Util.fatalError(Util.java:497)
	at blog.common.Util.fatalError(Util.java:481)
	at blog.world.AbstractPartialWorld$DefaultInfoUpdater.updateVarInfo(AbstractPartialWorld.java:807)
	at blog.world.AbstractPartialWorld.updateParentsAndProbs(AbstractPartialWorld.java:905)
	at blog.world.AbstractPartialWorld.updateParentsAndProbs(AbstractPartialWorld.java:492)
	at blog.world.AbstractPartialWorld.getLogProbOfValue(AbstractPartialWorld.java:220)
	at blog.model.Evidence.getEvidenceLogProb(Evidence.java:324)
	at blog.model.Evidence.getEvidenceLogProb(Evidence.java:308)
	at blog.sample.LWSampler.supportEvidenceAndCalculateLogWeight(LWSampler.java:141)
	at blog.sample.LWSampler.nextSample(LWSampler.java:120)
	at blog.engine.SamplingEngine.answerQueries(SamplingEngine.java:168)
	at blog.Main.run(Main.java:190)
	at blog.Main.main(Main.java:153)
 
 
\Users\tejas\blog\example\distributions\mvg.blog 
 
 
\Users\tejas\blog\example\distributions\uniformreal.blog 
 
 
\Users\tejas\blog\example\multivar-gaussian-random-params\fixed-mu-fixed-sigma.blog 
 
 
\Users\tejas\blog\example\multivar-gaussian-random-params\fixed-mu-random-sigma.blog 
 
 
\Users\tejas\blog\example\multivar-gaussian-random-params\random-mu-fixed-sigma.blog 
 
 
\Users\tejas\blog\example\multivar-gaussian-random-params\random-mu-random-sigma.blog 
 
 
\Users\tejas\blog\example\pcfg\simple-pcfg.blog 
76: No function named Iota is applicable to arguments of types [Set]
99: No function named Iota is applicable to arguments of types [Set]
103: No function named Succ is applicable to arguments of types [Integer]
..\..\..\Users\tejas\blog\example\pcfg\simple-pcfg.blog::0.0: type checking failed
 
 
\Users\tejas\blog\example\pcfg\tiny-pcfg.blog 
74: No function named Iota is applicable to arguments of types [Set]
97: No function named Iota is applicable to arguments of types [Set]
101: No function named Succ is applicable to arguments of types [Integer]
..\..\..\Users\tejas\blog\example\pcfg\tiny-pcfg.blog::0.0: type checking failed
 
 
\Users\tejas\blog\example\aircraft-wandering.dblog 
(no location): Symbol "B1" is neither a variable in the current scope nor a zero-ary function.
(no location): Symbol "B2" is neither a variable in the current scope nor a zero-ary function.
(no location): Symbol "B3" is neither a variable in the current scope nor a zero-ary function.
(no location): Symbol "B1" is neither a variable in the current scope nor a zero-ary function.
(no location): Symbol "B2" is neither a variable in the current scope nor a zero-ary function.
(no location): Symbol "B1" is neither a variable in the current scope nor a zero-ary function.
..\..\..\Users\tejas\blog\example\aircraft-wandering.dblog::0.0: type checking failed for evidence
 
 
\Users\tejas\blog\example\ar1.dblog 
 
 
\Users\tejas\blog\example\ar2.dblog 
Exception in thread "main" java.lang.NoClassDefFoundError: blog/distrib/beta (wrong name: blog/distrib/Beta)
	at java.lang.ClassLoader.defineClass1(Native Method)
	at java.lang.ClassLoader.defineClass(Unknown Source)
	at java.security.SecureClassLoader.defineClass(Unknown Source)
	at java.net.URLClassLoader.defineClass(Unknown Source)
	at java.net.URLClassLoader.access$100(Unknown Source)
	at java.net.URLClassLoader$1.run(Unknown Source)
	at java.net.URLClassLoader$1.run(Unknown Source)
	at java.security.AccessController.doPrivileged(Native Method)
	at java.net.URLClassLoader.findClass(Unknown Source)
	at java.lang.ClassLoader.loadClass(Unknown Source)
	at sun.misc.Launcher$AppClassLoader.loadClass(Unknown Source)
	at java.lang.ClassLoader.loadClass(Unknown Source)
	at java.lang.Class.forName0(Native Method)
	at java.lang.Class.forName(Unknown Source)
	at blog.semant.Semant.getClassWithName(Semant.java:161)
	at blog.semant.Semant.getDistributionClass(Semant.java:170)
	at blog.semant.Semant.transToDistribution(Semant.java:719)
	at blog.semant.Semant.transExpr(Semant.java:811)
	at blog.semant.Semant.transExpr(Semant.java:790)
	at blog.semant.Semant.transExpr(Semant.java:1081)
	at blog.semant.Semant.transExpr(Semant.java:788)
	at blog.semant.Semant.transExpr(Semant.java:1081)
	at blog.semant.Semant.transExpr(Semant.java:788)
	at blog.semant.Semant.transExpr(Semant.java:1081)
	at blog.semant.Semant.transExpr(Semant.java:788)
	at blog.semant.Semant.transExprList(Semant.java:1239)
	at blog.semant.Semant.transToDistribution(Semant.java:727)
	at blog.semant.Semant.transExpr(Semant.java:811)
	at blog.semant.Semant.transExpr(Semant.java:790)
	at blog.semant.Semant.transExpr(Semant.java:890)
	at blog.semant.Semant.transExpr(Semant.java:782)
	at blog.semant.Semant.transExpr(Semant.java:890)
	at blog.semant.Semant.transExpr(Semant.java:782)
	at blog.semant.Semant.transDependency(Semant.java:545)
	at blog.semant.Semant.transFuncBody(Semant.java:500)
	at blog.semant.Semant.transProg(Semant.java:1311)
	at blog.Main.parseAndTranslate(Main.java:490)
	at blog.Main.setup(Main.java:436)
	at blog.Main.main(Main.java:152)
 
 
\Users\tejas\blog\example\hmm.dblog 
 
 
\Users\tejas\blog\example\kalman-filter.dblog 
(no location): No function named __MULT is applicable to arguments of types [Array<Real>, Array<Real>]
(no location): No function named __MULT is applicable to arguments of types [Array<Real>, Array<Real>]
..\..\..\Users\tejas\blog\example\kalman-filter.dblog::0.0: type checking failed
 
 
\Users\tejas\blog\example\stochastic-volatility.dblog 
(no location): No function named __MULT is applicable to arguments of types [Array<Real>, Array<Real>]
..\..\..\Users\tejas\blog\example\stochastic-volatility.dblog::0.0: type checking failed
 
 
\Users\tejas\blog\example\weather.dblog 
Exception in getProb for variable Weather(@1)
Fatal error: 
null
java.lang.NullPointerException
	at blog.world.AbstractPartialWorld$DefaultInfoUpdater.updateVarInfo(AbstractPartialWorld.java:797)
	at blog.world.AbstractPartialWorld.updateParentsAndProbs(AbstractPartialWorld.java:905)
	at blog.world.AbstractPartialWorld.updateParentsAndProbs(AbstractPartialWorld.java:492)
	at blog.world.AbstractPartialWorld.getLogProbOfValue(AbstractPartialWorld.java:220)
	at blog.model.Evidence.getEvidenceLogProb(Evidence.java:324)
	at blog.model.Evidence.getEvidenceLogProb(Evidence.java:308)
	at blog.sample.LWSampler.supportEvidenceAndCalculateLogWeight(LWSampler.java:141)
	at blog.sample.LWSampler.nextSample(LWSampler.java:120)
	at blog.engine.Particle.take(Particle.java:77)
	at blog.engine.ParticleFilter.take(ParticleFilter.java:235)
	at blog.engine.ParticleFilter.takeEvidenceAndAnswerQuery(ParticleFilter.java:171)
	at blog.engine.ParticleFilter.answerQueries(ParticleFilter.java:128)
	at blog.Main.run(Main.java:190)
	at blog.Main.main(Main.java:153)
Exception in thread "main" java.lang.Error: Fatal error: 
	at blog.common.Util.fatalError(Util.java:524)
	at blog.common.Util.fatalError(Util.java:497)
	at blog.common.Util.fatalError(Util.java:481)
	at blog.world.AbstractPartialWorld$DefaultInfoUpdater.updateVarInfo(AbstractPartialWorld.java:807)
	at blog.world.AbstractPartialWorld.updateParentsAndProbs(AbstractPartialWorld.java:905)
	at blog.world.AbstractPartialWorld.updateParentsAndProbs(AbstractPartialWorld.java:492)
	at blog.world.AbstractPartialWorld.getLogProbOfValue(AbstractPartialWorld.java:220)
	at blog.model.Evidence.getEvidenceLogProb(Evidence.java:324)
	at blog.model.Evidence.getEvidenceLogProb(Evidence.java:308)
	at blog.sample.LWSampler.supportEvidenceAndCalculateLogWeight(LWSampler.java:141)
	at blog.sample.LWSampler.nextSample(LWSampler.java:120)
	at blog.engine.Particle.take(Particle.java:77)
	at blog.engine.ParticleFilter.take(ParticleFilter.java:235)
	at blog.engine.ParticleFilter.takeEvidenceAndAnswerQuery(ParticleFilter.java:171)
	at blog.engine.ParticleFilter.answerQueries(ParticleFilter.java:128)
	at blog.Main.run(Main.java:190)
	at blog.Main.main(Main.java:153)
 
 
\Users\tejas\blog\example\background\adaptive-background-mixture.dblog 
..\..\..\Users\tejas\blog\example\background\adaptive-background-mixture.dblog::25.34: Number expression expecting implicit set
 
 
\Users\tejas\blog\example\background\background-mixture-evolve.dblog 
java.lang.ArrayStoreException
	at java.lang.System.arraycopy(Native Method)
	at blog.distrib.UniformVector.setParams(UniformVector.java:91)
	at blog.model.DistribSpec.initCPD(DistribSpec.java:260)
	at blog.model.DistribSpec.compile(DistribSpec.java:192)
	at blog.model.MapSpec.compile(MapSpec.java:77)
	at blog.model.CaseSpec.compile(CaseSpec.java:73)
	at blog.model.DependencyModel.compile(DependencyModel.java:202)
	at blog.model.RandomFunction.compile(RandomFunction.java:127)
	at blog.model.Model.compile(Model.java:535)
	at blog.Main.setup(Main.java:470)
	at blog.Main.main(Main.java:152)
Error initializing CPD at 28: couldn't instantiate class class blog.distrib.UniformVector
java.lang.IllegalArgumentException: expected one parameter
	at blog.distrib.Dirichlet.setParams(Dirichlet.java:74)
	at blog.model.DistribSpec.initCPD(DistribSpec.java:260)
	at blog.model.DistribSpec.compile(DistribSpec.java:192)
	at blog.model.DependencyModel.compile(DependencyModel.java:202)
	at blog.model.RandomFunction.compile(RandomFunction.java:127)
	at blog.model.Model.compile(Model.java:535)
	at blog.Main.setup(Main.java:470)
	at blog.Main.main(Main.java:152)
Error initializing CPD at 32: couldn't instantiate class class blog.distrib.Dirichlet
Encountered 2 errors in compilation phase.
 
